2023-05-12 16:00:58 error: Salesforce login failed: LOGIN_MUST_USE_SECURITY_TOKEN: Invalid username, password, security token; or user locked out. Are you at a new location? When accessing Salesforce--either via a desktop client or the API--from outside of your company’s trusted networks, you must add a security token to your password to log in. To get your new security token, log in to Salesforce. From your personal settings, enter Reset My Security Token in the Quick Find box, then select Reset My Security Token.
2023-05-12 16:00:58 info: Retrying in 10 sec...
2023-05-12 16:01:09 error: Salesforce login failed: LOGIN_MUST_USE_SECURITY_TOKEN: Invalid username, password, security token; or user locked out. Are you at a new location? When accessing Salesforce--either via a desktop client or the API--from outside of your company’s trusted networks, you must add a security token to your password to log in. To get your new security token, log in to Salesforce. From your personal settings, enter Reset My Security Token in the Quick Find box, then select Reset My Security Token.
2023-05-12 16:01:09 info: Retrying in 10 sec...
2023-05-12 16:01:20 error: Salesforce login failed: LOGIN_MUST_USE_SECURITY_TOKEN: Invalid username, password, security token; or user locked out. Are you at a new location? When accessing Salesforce--either via a desktop client or the API--from outside of your company’s trusted networks, you must add a security token to your password to log in. To get your new security token, log in to Salesforce. From your personal settings, enter Reset My Security Token in the Quick Find box, then select Reset My Security Token.
2023-05-12 16:01:20 info: Retrying in 10 sec...
2023-05-12 16:01:31 error: Salesforce login failed: LOGIN_MUST_USE_SECURITY_TOKEN: Invalid username, password, security token; or user locked out. Are you at a new location? When accessing Salesforce--either via a desktop client or the API--from outside of your company’s trusted networks, you must add a security token to your password to log in. To get your new security token, log in to Salesforce. From your personal settings, enter Reset My Security Token in the Quick Find box, then select Reset My Security Token.
2023-05-12 16:01:31 info: Retrying in 10 sec...
2023-05-12 16:01:42 error: Salesforce login failed: LOGIN_MUST_USE_SECURITY_TOKEN: Invalid username, password, security token; or user locked out. Are you at a new location? When accessing Salesforce--either via a desktop client or the API--from outside of your company’s trusted networks, you must add a security token to your password to log in. To get your new security token, log in to Salesforce. From your personal settings, enter Reset My Security Token in the Quick Find box, then select Reset My Security Token.
2023-05-12 16:01:42 info: Retrying in 10 sec...
2023-05-12 16:01:53 error: Salesforce login failed: LOGIN_MUST_USE_SECURITY_TOKEN: Invalid username, password, security token; or user locked out. Are you at a new location? When accessing Salesforce--either via a desktop client or the API--from outside of your company’s trusted networks, you must add a security token to your password to log in. To get your new security token, log in to Salesforce. From your personal settings, enter Reset My Security Token in the Quick Find box, then select Reset My Security Token.
2023-05-12 16:01:53 info: Retrying in 10 sec...
2023-05-12 16:02:04 error: Salesforce login failed: LOGIN_MUST_USE_SECURITY_TOKEN: Invalid username, password, security token; or user locked out. Are you at a new location? When accessing Salesforce--either via a desktop client or the API--from outside of your company’s trusted networks, you must add a security token to your password to log in. To get your new security token, log in to Salesforce. From your personal settings, enter Reset My Security Token in the Quick Find box, then select Reset My Security Token.
2023-05-12 16:02:04 info: Retrying in 10 sec...
2023-05-12 16:02:15 error: Salesforce login failed: LOGIN_MUST_USE_SECURITY_TOKEN: Invalid username, password, security token; or user locked out. Are you at a new location? When accessing Salesforce--either via a desktop client or the API--from outside of your company’s trusted networks, you must add a security token to your password to log in. To get your new security token, log in to Salesforce. From your personal settings, enter Reset My Security Token in the Quick Find box, then select Reset My Security Token.
2023-05-12 16:02:15 info: Retrying in 10 sec...
2023-05-12 16:02:26 error: Salesforce login failed: LOGIN_MUST_USE_SECURITY_TOKEN: Invalid username, password, security token; or user locked out. Are you at a new location? When accessing Salesforce--either via a desktop client or the API--from outside of your company’s trusted networks, you must add a security token to your password to log in. To get your new security token, log in to Salesforce. From your personal settings, enter Reset My Security Token in the Quick Find box, then select Reset My Security Token.
2023-05-12 16:02:26 info: Retrying in 10 sec...
2023-05-12 16:03:17 error: Salesforce login failed: LOGIN_MUST_USE_SECURITY_TOKEN: Invalid username, password, security token; or user locked out. Are you at a new location? When accessing Salesforce--either via a desktop client or the API--from outside of your company’s trusted networks, you must add a security token to your password to log in. To get your new security token, log in to Salesforce. From your personal settings, enter Reset My Security Token in the Quick Find box, then select Reset My Security Token.
2023-05-12 16:03:17 info: Retrying in 10 sec...
2023-05-12 16:03:28 error: Salesforce login failed: INVALID_LOGIN: Invalid username, password, security token; or user locked out.
2023-05-12 16:03:28 info: Retrying in 10 sec...
2023-05-12 16:03:39 error: Salesforce login failed: INVALID_LOGIN: Invalid username, password, security token; or user locked out.
2023-05-12 16:03:39 info: Retrying in 10 sec...
2023-05-12 16:03:50 error: Salesforce login failed: INVALID_LOGIN: Invalid username, password, security token; or user locked out.
2023-05-12 16:03:50 info: Retrying in 10 sec...
2023-05-12 16:04:01 error: Salesforce login failed: INVALID_LOGIN: Invalid username, password, security token; or user locked out.
2023-05-12 16:04:01 info: Retrying in 10 sec...
2023-05-12 16:04:11 error: Salesforce login failed: INVALID_LOGIN: Invalid username, password, security token; or user locked out.
2023-05-12 16:04:11 info: Retrying in 10 sec...
2023-05-12 16:04:22 error: Salesforce login failed: INVALID_LOGIN: Invalid username, password, security token; or user locked out.
2023-05-12 16:04:22 info: Retrying in 10 sec...
2023-05-12 16:04:33 error: Salesforce login failed: INVALID_LOGIN: Invalid username, password, security token; or user locked out.
2023-05-12 16:04:33 info: Retrying in 10 sec...
2023-05-12 16:04:44 error: Salesforce login failed: INVALID_LOGIN: Invalid username, password, security token; or user locked out.
2023-05-12 16:04:44 info: Retrying in 10 sec...
2023-05-12 16:04:54 error: Salesforce login failed: INVALID_LOGIN: Invalid username, password, security token; or user locked out.
2023-05-12 16:04:54 info: Retrying in 10 sec...
2023-05-12 16:05:05 error: Salesforce login failed: INVALID_LOGIN: Invalid username, password, security token; or user locked out.
2023-05-12 16:05:05 info: Retrying in 10 sec...
2023-05-12 16:05:16 error: Salesforce login failed: INVALID_LOGIN: Invalid username, password, security token; or user locked out.
2023-05-12 16:05:16 info: Retrying in 10 sec...
2023-05-12 16:05:27 error: Salesforce login failed: INVALID_LOGIN: Invalid username, password, security token; or user locked out.
2023-05-12 16:05:27 info: Retrying in 10 sec...
2023-05-12 16:05:38 error: Salesforce login failed: INVALID_LOGIN: Invalid username, password, security token; or user locked out.
2023-05-12 16:05:38 info: Retrying in 10 sec...
2023-05-12 16:05:49 error: Salesforce login failed: INVALID_LOGIN: Invalid username, password, security token; or user locked out.
2023-05-12 16:05:49 info: Retrying in 10 sec...
2023-05-12 16:05:59 error: Salesforce login failed: INVALID_LOGIN: Invalid username, password, security token; or user locked out.
2023-05-12 16:05:59 info: Retrying in 10 sec...
2023-05-12 16:06:10 error: Salesforce login failed: INVALID_LOGIN: Invalid username, password, security token; or user locked out.
2023-05-12 16:06:10 info: Retrying in 10 sec...
2023-05-12 16:06:21 error: Salesforce login failed: INVALID_LOGIN: Invalid username, password, security token; or user locked out.
2023-05-12 16:06:21 info: Retrying in 10 sec...
2023-05-12 16:06:32 error: Salesforce login failed: INVALID_LOGIN: Invalid username, password, security token; or user locked out.
2023-05-12 16:06:32 info: Retrying in 10 sec...
2023-05-12 16:06:43 error: Salesforce login failed: INVALID_LOGIN: Invalid username, password, security token; or user locked out.
2023-05-12 16:06:43 info: Retrying in 10 sec...
2023-05-12 16:06:54 error: Salesforce login failed: INVALID_LOGIN: Invalid username, password, security token; or user locked out.
2023-05-12 16:06:54 info: Retrying in 10 sec...
2023-05-12 16:07:05 error: Salesforce login failed: INVALID_LOGIN: Invalid username, password, security token; or user locked out.
2023-05-12 16:07:05 info: Retrying in 10 sec...
2023-05-12 16:07:16 error: Salesforce login failed: INVALID_LOGIN: Invalid username, password, security token; or user locked out.
2023-05-12 16:07:16 info: Retrying in 10 sec...
2023-05-12 16:07:27 error: Salesforce login failed: INVALID_LOGIN: Invalid username, password, security token; or user locked out.
2023-05-12 16:07:27 info: Retrying in 10 sec...
2023-05-12 16:07:38 error: Salesforce login failed: INVALID_LOGIN: Invalid username, password, security token; or user locked out.
2023-05-12 16:07:38 info: Retrying in 10 sec...
2023-05-12 16:07:49 error: Salesforce login failed: INVALID_LOGIN: Invalid username, password, security token; or user locked out.
2023-05-12 16:07:49 info: Retrying in 10 sec...
2023-05-12 16:08:00 error: Salesforce login failed: INVALID_LOGIN: Invalid username, password, security token; or user locked out.
2023-05-12 16:08:00 info: Retrying in 10 sec...
2023-05-12 16:08:11 error: Salesforce login failed: INVALID_LOGIN: Invalid username, password, security token; or user locked out.
2023-05-12 16:08:11 info: Retrying in 10 sec...
2023-05-12 16:08:22 error: Salesforce login failed: INVALID_LOGIN: Invalid username, password, security token; or user locked out.
2023-05-12 16:08:22 info: Retrying in 10 sec...
2023-05-12 16:08:33 error: Salesforce login failed: INVALID_LOGIN: Invalid username, password, security token; or user locked out.
2023-05-12 16:08:33 info: Retrying in 10 sec...
2023-05-12 16:08:43 error: Salesforce login failed: INVALID_LOGIN: Invalid username, password, security token; or user locked out.
2023-05-12 16:08:43 info: Retrying in 10 sec...
2023-05-12 16:08:54 error: Salesforce login failed: INVALID_LOGIN: Invalid username, password, security token; or user locked out.
2023-05-12 16:08:54 info: Retrying in 10 sec...
2023-05-12 16:09:05 error: Salesforce login failed: INVALID_LOGIN: Invalid username, password, security token; or user locked out.
2023-05-12 16:09:05 info: Retrying in 10 sec...
2023-05-12 16:09:16 error: Salesforce login failed: INVALID_LOGIN: Invalid username, password, security token; or user locked out.
2023-05-12 16:09:16 info: Retrying in 10 sec...
2023-05-12 16:09:27 error: Salesforce login failed: INVALID_LOGIN: Invalid username, password, security token; or user locked out.
2023-05-12 16:09:27 info: Retrying in 10 sec...
2023-05-12 16:09:38 error: Salesforce login failed: INVALID_LOGIN: Invalid username, password, security token; or user locked out.
2023-05-12 16:09:38 info: Retrying in 10 sec...
2023-05-12 16:09:49 error: Salesforce login failed: INVALID_LOGIN: Invalid username, password, security token; or user locked out.
2023-05-12 16:09:49 info: Retrying in 10 sec...
2023-05-12 16:10:00 error: Salesforce login failed: INVALID_LOGIN: Invalid username, password, security token; or user locked out.
2023-05-12 16:10:00 info: Retrying in 10 sec...
2023-05-12 16:10:11 error: Salesforce login failed: INVALID_LOGIN: Invalid username, password, security token; or user locked out.
2023-05-12 16:10:11 info: Retrying in 10 sec...
2023-05-12 16:10:22 error: Salesforce login failed: INVALID_LOGIN: Invalid username, password, security token; or user locked out.
2023-05-12 16:10:22 info: Retrying in 10 sec...
2023-05-12 16:10:32 error: Salesforce login failed: INVALID_LOGIN: Invalid username, password, security token; or user locked out.
2023-05-12 16:10:32 info: Retrying in 10 sec...
2023-05-12 16:10:43 error: Salesforce login failed: INVALID_LOGIN: Invalid username, password, security token; or user locked out.
2023-05-12 16:10:43 info: Retrying in 10 sec...
2023-05-12 16:10:54 error: Salesforce login failed: INVALID_LOGIN: Invalid username, password, security token; or user locked out.
2023-05-12 16:10:54 info: Retrying in 10 sec...
2023-05-12 16:11:05 error: Salesforce login failed: INVALID_LOGIN: Invalid username, password, security token; or user locked out.
2023-05-12 16:11:05 info: Retrying in 10 sec...
2023-05-12 16:11:16 error: Salesforce login failed: INVALID_LOGIN: Invalid username, password, security token; or user locked out.
2023-05-12 16:11:16 info: Retrying in 10 sec...
2023-05-12 16:11:27 error: Salesforce login failed: INVALID_LOGIN: Invalid username, password, security token; or user locked out.
2023-05-12 16:11:27 info: Retrying in 10 sec...
2023-05-12 16:11:38 error: Salesforce login failed: INVALID_LOGIN: Invalid username, password, security token; or user locked out.
2023-05-12 16:11:38 info: Retrying in 10 sec...
2023-05-12 16:11:48 error: Salesforce login failed: INVALID_LOGIN: Invalid username, password, security token; or user locked out.
2023-05-12 16:11:48 info: Retrying in 10 sec...
2023-05-12 16:11:59 error: Salesforce login failed: INVALID_LOGIN: Invalid username, password, security token; or user locked out.
2023-05-12 16:11:59 info: Retrying in 10 sec...
2023-05-12 16:12:10 error: Salesforce login failed: INVALID_LOGIN: Invalid username, password, security token; or user locked out.
2023-05-12 16:12:10 info: Retrying in 10 sec...
2023-05-12 16:12:21 error: Salesforce login failed: INVALID_LOGIN: Invalid username, password, security token; or user locked out.
2023-05-12 16:12:21 info: Retrying in 10 sec...
2023-05-12 16:12:32 error: Salesforce login failed: INVALID_LOGIN: Invalid username, password, security token; or user locked out.
2023-05-12 16:12:32 info: Retrying in 10 sec...
2023-05-12 16:12:43 error: Salesforce login failed: INVALID_LOGIN: Invalid username, password, security token; or user locked out.
2023-05-12 16:12:43 info: Retrying in 10 sec...
2023-05-12 16:12:54 error: Salesforce login failed: INVALID_LOGIN: Invalid username, password, security token; or user locked out.
2023-05-12 16:12:54 info: Retrying in 10 sec...
2023-05-12 16:13:05 error: Salesforce login failed: INVALID_LOGIN: Invalid username, password, security token; or user locked out.
2023-05-12 16:13:05 info: Retrying in 10 sec...
2023-05-12 16:13:16 error: Salesforce login failed: INVALID_LOGIN: Invalid username, password, security token; or user locked out.
2023-05-12 16:13:16 info: Retrying in 10 sec...
2023-05-12 16:13:27 error: Salesforce login failed: INVALID_LOGIN: Invalid username, password, security token; or user locked out.
2023-05-12 16:13:27 info: Retrying in 10 sec...
2023-05-12 16:13:38 error: Salesforce login failed: INVALID_LOGIN: Invalid username, password, security token; or user locked out.
2023-05-12 16:13:38 info: Retrying in 10 sec...
2023-05-12 16:13:49 error: Salesforce login failed: INVALID_LOGIN: Invalid username, password, security token; or user locked out.
2023-05-12 16:13:49 info: Retrying in 10 sec...
2023-05-12 16:13:59 error: Salesforce login failed: INVALID_LOGIN: Invalid username, password, security token; or user locked out.
2023-05-12 16:13:59 info: Retrying in 10 sec...
2023-05-12 16:14:10 error: Salesforce login failed: INVALID_LOGIN: Invalid username, password, security token; or user locked out.
2023-05-12 16:14:10 info: Retrying in 10 sec...
2023-05-12 16:14:21 error: Salesforce login failed: INVALID_LOGIN: Invalid username, password, security token; or user locked out.
2023-05-12 16:14:21 info: Retrying in 10 sec...
2023-05-12 16:14:32 error: Salesforce login failed: INVALID_LOGIN: Invalid username, password, security token; or user locked out.
2023-05-12 16:14:32 info: Retrying in 10 sec...
2023-05-12 16:14:43 error: Salesforce login failed: INVALID_LOGIN: Invalid username, password, security token; or user locked out.
2023-05-12 16:14:43 info: Retrying in 10 sec...
2023-05-12 16:14:54 error: Salesforce login failed: INVALID_LOGIN: Invalid username, password, security token; or user locked out.
2023-05-12 16:14:54 info: Retrying in 10 sec...
2023-05-12 16:15:05 error: Salesforce login failed: INVALID_LOGIN: Invalid username, password, security token; or user locked out.
2023-05-12 16:15:05 info: Retrying in 10 sec...
2023-05-12 16:15:16 error: Salesforce login failed: INVALID_LOGIN: Invalid username, password, security token; or user locked out.
2023-05-12 16:15:16 info: Retrying in 10 sec...
2023-05-12 16:15:27 error: Salesforce login failed: INVALID_LOGIN: Invalid username, password, security token; or user locked out.
2023-05-12 16:15:27 info: Retrying in 10 sec...
2023-05-12 16:15:38 error: Salesforce login failed: INVALID_LOGIN: Invalid username, password, security token; or user locked out.
2023-05-12 16:15:38 info: Retrying in 10 sec...
2023-05-12 16:15:49 error: Salesforce login failed: INVALID_LOGIN: Invalid username, password, security token; or user locked out.
2023-05-12 16:15:49 info: Retrying in 10 sec...
2023-05-12 16:16:00 error: Salesforce login failed: INVALID_LOGIN: Invalid username, password, security token; or user locked out.
2023-05-12 16:16:00 info: Retrying in 10 sec...
2023-05-12 16:16:12 error: Salesforce login failed: INVALID_LOGIN: Invalid username, password, security token; or user locked out.
2023-05-12 16:16:12 info: Retrying in 10 sec...
2023-05-12 16:16:23 error: Salesforce login failed: INVALID_LOGIN: Invalid username, password, security token; or user locked out.
2023-05-12 16:16:23 info: Retrying in 10 sec...
2023-05-12 16:16:34 error: Salesforce login failed: INVALID_LOGIN: Invalid username, password, security token; or user locked out.
2023-05-12 16:16:34 info: Retrying in 10 sec...
2023-05-12 16:16:45 error: Salesforce login failed: INVALID_LOGIN: Invalid username, password, security token; or user locked out.
2023-05-12 16:16:45 info: Retrying in 10 sec...
2023-05-12 16:16:56 error: Salesforce login failed: INVALID_LOGIN: Invalid username, password, security token; or user locked out.
2023-05-12 16:16:56 info: Retrying in 10 sec...
2023-05-12 16:17:07 error: Salesforce login failed: INVALID_LOGIN: Invalid username, password, security token; or user locked out.
2023-05-12 16:17:07 info: Retrying in 10 sec...
2023-05-12 16:17:18 error: Salesforce login failed: INVALID_LOGIN: Invalid username, password, security token; or user locked out.
2023-05-12 16:17:18 info: Retrying in 10 sec...
2023-05-12 16:17:28 error: Salesforce login failed: INVALID_LOGIN: Invalid username, password, security token; or user locked out.
2023-05-12 16:17:28 info: Retrying in 10 sec...
2023-05-12 16:17:39 error: Salesforce login failed: INVALID_LOGIN: Invalid username, password, security token; or user locked out.
2023-05-12 16:17:39 info: Retrying in 10 sec...
2023-05-12 16:17:50 error: Salesforce login failed: INVALID_LOGIN: Invalid username, password, security token; or user locked out.
2023-05-12 16:17:50 info: Retrying in 10 sec...
2023-05-12 16:18:01 error: Salesforce login failed: INVALID_LOGIN: Invalid username, password, security token; or user locked out.
2023-05-12 16:18:01 info: Retrying in 10 sec...
2023-05-12 16:18:12 error: Salesforce login failed: INVALID_LOGIN: Invalid username, password, security token; or user locked out.
2023-05-12 16:18:12 info: Retrying in 10 sec...
2023-05-12 16:18:23 error: Salesforce login failed: LOGIN_MUST_USE_SECURITY_TOKEN: Invalid username, password, security token; or user locked out. Are you at a new location? When accessing Salesforce--either via a desktop client or the API--from outside of your company’s trusted networks, you must add a security token to your password to log in. To get your new security token, log in to Salesforce. From your personal settings, enter Reset My Security Token in the Quick Find box, then select Reset My Security Token.
2023-05-12 16:18:23 info: Retrying in 10 sec...
2023-05-12 16:18:34 error: Salesforce login failed: LOGIN_MUST_USE_SECURITY_TOKEN: Invalid username, password, security token; or user locked out. Are you at a new location? When accessing Salesforce--either via a desktop client or the API--from outside of your company’s trusted networks, you must add a security token to your password to log in. To get your new security token, log in to Salesforce. From your personal settings, enter Reset My Security Token in the Quick Find box, then select Reset My Security Token.
2023-05-12 16:18:34 info: Retrying in 10 sec...
2023-05-12 16:18:45 error: Salesforce login failed: LOGIN_MUST_USE_SECURITY_TOKEN: Invalid username, password, security token; or user locked out. Are you at a new location? When accessing Salesforce--either via a desktop client or the API--from outside of your company’s trusted networks, you must add a security token to your password to log in. To get your new security token, log in to Salesforce. From your personal settings, enter Reset My Security Token in the Quick Find box, then select Reset My Security Token.
2023-05-12 16:18:45 info: Retrying in 10 sec...
2023-05-12 16:18:56 error: Salesforce login failed: LOGIN_MUST_USE_SECURITY_TOKEN: Invalid username, password, security token; or user locked out. Are you at a new location? When accessing Salesforce--either via a desktop client or the API--from outside of your company’s trusted networks, you must add a security token to your password to log in. To get your new security token, log in to Salesforce. From your personal settings, enter Reset My Security Token in the Quick Find box, then select Reset My Security Token.
2023-05-12 16:18:56 info: Retrying in 10 sec...
2023-05-12 16:19:07 error: Salesforce login failed: LOGIN_MUST_USE_SECURITY_TOKEN: Invalid username, password, security token; or user locked out. Are you at a new location? When accessing Salesforce--either via a desktop client or the API--from outside of your company’s trusted networks, you must add a security token to your password to log in. To get your new security token, log in to Salesforce. From your personal settings, enter Reset My Security Token in the Quick Find box, then select Reset My Security Token.
2023-05-12 16:19:07 info: Retrying in 10 sec...
2023-05-12 16:19:17 error: Salesforce login failed: LOGIN_MUST_USE_SECURITY_TOKEN: Invalid username, password, security token; or user locked out. Are you at a new location? When accessing Salesforce--either via a desktop client or the API--from outside of your company’s trusted networks, you must add a security token to your password to log in. To get your new security token, log in to Salesforce. From your personal settings, enter Reset My Security Token in the Quick Find box, then select Reset My Security Token.
2023-05-12 16:19:17 info: Retrying in 10 sec...
2023-05-12 16:19:25 error: Salesforce login failed: LOGIN_MUST_USE_SECURITY_TOKEN: Invalid username, password, security token; or user locked out. Are you at a new location? When accessing Salesforce--either via a desktop client or the API--from outside of your company’s trusted networks, you must add a security token to your password to log in. To get your new security token, log in to Salesforce. From your personal settings, enter Reset My Security Token in the Quick Find box, then select Reset My Security Token.
2023-05-12 16:19:25 info: Retrying in 10 sec...
2023-05-12 16:19:36 error: Salesforce login failed: LOGIN_MUST_USE_SECURITY_TOKEN: Invalid username, password, security token; or user locked out. Are you at a new location? When accessing Salesforce--either via a desktop client or the API--from outside of your company’s trusted networks, you must add a security token to your password to log in. To get your new security token, log in to Salesforce. From your personal settings, enter Reset My Security Token in the Quick Find box, then select Reset My Security Token.
2023-05-12 16:19:36 info: Retrying in 10 sec...
2023-05-12 16:19:47 error: Salesforce login failed: LOGIN_MUST_USE_SECURITY_TOKEN: Invalid username, password, security token; or user locked out. Are you at a new location? When accessing Salesforce--either via a desktop client or the API--from outside of your company’s trusted networks, you must add a security token to your password to log in. To get your new security token, log in to Salesforce. From your personal settings, enter Reset My Security Token in the Quick Find box, then select Reset My Security Token.
2023-05-12 16:19:47 info: Retrying in 10 sec...
2023-05-12 16:19:58 info: Logged in to Salesforce as: probiruk1@force.com
2023-05-12 16:19:58 info: Subscribed Events: [created-lead, updated-lead, deleted-lead]
2023-05-12 16:21:14 info: Received message for Lead Object
2023-05-12 16:31:12 info: Received message for Lead Object
2023-05-12 16:32:43 info: Logged in to Salesforce as: probiruk1@force.com
2023-05-12 16:32:43 info: Subscribed Events: [created-lead, updated-lead, deleted-lead]
2023-05-12 16:32:51 info: Received message for Lead Object
2023-05-12 16:32:51 info: Deleting lead: 00QDp000002SOOUMA4
2023-05-12 16:32:53 error: Deletion failed APIResponsepath failed validation: path.page_id should be a valid uuid, instead was `"00QDp000002SOOUMA4"`.
2023-05-12 16:38:35 info: Logged in to Salesforce as: probiruk1@force.com
2023-05-12 16:38:35 info: Subscribed Events: [created-lead, updated-lead, deleted-lead]
2023-05-12 16:39:05 info: Received message for Lead Object
2023-05-12 16:39:05 info: Deleting lead: 00QDp000002SO6QMAW
2023-05-12 16:39:06 error: No record found with title 00QDp000002SO6QMAW
2023-05-12 16:40:29 info: Received message for Lead Object
2023-05-12 16:40:29 info: Creating new lead: Biruk Ad (null)
2023-05-12 16:40:30 info: Received message for Lead Object
2023-05-12 16:40:31 info: Entry succeed!
2023-05-12 16:42:19 info: Received message for Lead Object
2023-05-12 16:42:19 info: Creating new lead: Biruk Enterpenur (birukdotwork@gmail.com)
2023-05-12 16:42:19 info: Received message for Lead Object
2023-05-12 16:42:21 info: Entry succeed!
2023-05-12 16:42:59 info: Logged in to Salesforce as: probiruk1@force.com
2023-05-12 16:42:59 info: Subscribed Events: [created-lead, updated-lead, deleted-lead]
2023-05-12 16:43:28 info: Received message for Lead Object
2023-05-12 16:43:28 info: Creating new lead: Biruk The Great (birukdotwork@gmail.com)
2023-05-12 16:43:29 info: Received message for Lead Object
2023-05-12 16:43:29 info: Entry succeed!
2023-05-12 16:45:17 info: Logged in to Salesforce as: probiruk1@force.com
2023-05-12 16:45:17 info: Subscribed Events: [created-lead, updated-lead, deleted-lead]
2023-05-12 16:46:10 info: Received message for Lead Object
2023-05-12 16:46:10 info: Creating new lead: Reasd (null)
2023-05-12 16:46:11 info: Received message for Lead Object
2023-05-12 16:46:23 info: Entry succeed!
2023-05-12 16:47:28 info: Logged in to Salesforce as: probiruk1@force.com
2023-05-12 16:47:28 info: Subscribed Events: [created-lead, updated-lead, deleted-lead]
2023-05-12 16:47:42 info: Received message for Lead Object
2023-05-12 16:47:42 info: Creating new lead: God (null)
2023-05-12 16:47:42 info: Received message for Lead Object
2023-05-12 16:47:46 info: Entry succeed!
2023-05-12 16:49:51 info: Received message for Lead Object
2023-05-12 16:49:51 info: Creating new lead: Fear Less (null)
2023-05-12 16:49:52 info: Received message for Lead Object
2023-05-12 16:49:52 info: Entry succeed!
2023-05-12 16:52:36 info: Logged in to Salesforce as: probiruk1@force.com
2023-05-12 16:52:36 info: Subscribed Events: [created-lead, updated-lead, deleted-lead]
2023-05-12 16:55:37 info: Logged in to Salesforce as: probiruk1@force.com
2023-05-12 16:55:37 info: Subscribed Events: [created-lead, updated-lead, deleted-lead]
2023-05-12 16:55:56 info: Received message for Lead Object
2023-05-12 16:55:56 info: Creating new lead: Yoo (null)
2023-05-12 16:55:56 info: Received message for Lead Object
2023-05-12 16:56:01 info: Entry succeed!
2023-05-12 16:56:47 info: Logged in to Salesforce as: probiruk1@force.com
2023-05-12 16:56:47 info: Subscribed Events: [created-lead, updated-lead, deleted-lead]
2023-05-12 16:56:59 info: Received message for Lead Object
2023-05-12 16:56:59 info: Creating new lead: Sasd asd (null)
2023-05-12 16:56:59 info: Received message for Lead Object
2023-05-12 16:57:01 info: Entry succeed!
