2023-05-13 09:22:02 info: Logged in to Salesforce as: probiruk1@force.com
2023-05-13 09:22:02 info: Subscribed Events: [created-lead, updated-lead, deleted-lead, created-opportunity, updated-opportunity, deleted-opportunity]
2023-05-13 09:22:03 info: PushTopic Lead already exists
2023-05-13 09:22:03 info: PushTopic Opportunity does not exist, creating...
2023-05-13 09:22:04 info: PushTopic Opportunity created successfully
2023-05-13 09:24:11 info: Logged in to Salesforce as: probiruk1@force.com
2023-05-13 09:24:11 info: Subscribed Events: [created-lead, updated-lead, deleted-lead, created-opportunity, updated-opportunity, deleted-opportunity]
2023-05-13 09:24:13 info: PushTopic Lead already exists
2023-05-13 09:24:13 info: PushTopic Opportunity already exists
2023-05-13 09:24:39 info: Received message for Opportunity Object
2023-05-13 09:24:39 info: updated-Opportunity event isn't subscribed
2023-05-13 09:25:08 info: Logged in to Salesforce as: probiruk1@force.com
2023-05-13 09:25:08 info: Subscribed Events: [created-lead, updated-lead, deleted-lead, created-opportunity, updated-opportunity, deleted-opportunity]
2023-05-13 09:25:09 info: PushTopic Lead already exists
2023-05-13 09:25:09 info: PushTopic Opportunity already exists
2023-05-13 09:25:32 info: Received message for Opportunity Object
2023-05-13 09:25:32 info: Creating new opportunity: Biruk Erjamo (undefined)
2023-05-13 09:25:34 info: Entry succeed!
2023-05-13 09:28:23 info: Logged in to Salesforce as: probiruk1@force.com
2023-05-13 09:28:23 info: Subscribed Events: [created-lead, updated-lead, deleted-lead, created-opportunity, updated-opportunity, deleted-opportunity]
2023-05-13 09:28:24 info: PushTopic Opportunity already exists
2023-05-13 09:28:24 info: PushTopic Lead already exists
2023-05-13 09:28:51 info: Received message for Opportunity Object
2023-05-13 09:28:51 info: Creating new opportunity: Biruk Erjamo
2023-05-13 09:28:53 error: Entry failed APIResponsebody failed validation: body.properties.Amount.rich_text[0].text.content should be a string, instead was `7000`.
2023-05-13 09:30:43 info: Logged in to Salesforce as: probiruk1@force.com
2023-05-13 09:30:43 info: Subscribed Events: [created-lead, updated-lead, deleted-lead, created-opportunity, updated-opportunity, deleted-opportunity]
2023-05-13 09:30:44 info: PushTopic Opportunity already exists
2023-05-13 09:30:44 info: PushTopic Lead already exists
2023-05-13 09:31:04 info: Received message for Opportunity Object
2023-05-13 09:31:04 info: Creating new opportunity: Biruk Erjamo
2023-05-13 09:31:05 error: Entry failed APIResponsebody failed validation: body.properties.Amount.rich_text[0].text.content should be a string, instead was `1000`.
2023-05-13 09:32:48 info: Logged in to Salesforce as: probiruk1@force.com
2023-05-13 09:32:48 info: Subscribed Events: [created-lead, updated-lead, deleted-lead, created-opportunity, updated-opportunity, deleted-opportunity]
2023-05-13 09:32:50 info: PushTopic Opportunity already exists
2023-05-13 09:32:50 info: PushTopic Lead already exists
2023-05-13 09:33:33 info: Logged in to Salesforce as: probiruk1@force.com
2023-05-13 09:33:33 info: Subscribed Events: [created-lead, updated-lead, deleted-lead, created-opportunity, updated-opportunity, deleted-opportunity]
2023-05-13 09:33:34 info: PushTopic Opportunity already exists
2023-05-13 09:33:34 info: PushTopic Lead already exists
2023-05-13 09:34:02 info: Logged in to Salesforce as: probiruk1@force.com
2023-05-13 09:34:02 info: Subscribed Events: [created-lead, updated-lead, deleted-lead, created-opportunity, updated-opportunity, deleted-opportunity]
2023-05-13 09:34:03 info: PushTopic Lead already exists
2023-05-13 09:34:03 info: PushTopic Opportunity already exists
2023-05-13 09:34:25 info: Received message for Opportunity Object
2023-05-13 09:34:25 info: Creating new opportunity: Biruk Erjamo W
2023-05-13 09:34:27 info: Entry succeed!
2023-05-13 09:35:22 info: Logged in to Salesforce as: probiruk1@force.com
2023-05-13 09:35:22 info: Subscribed Events: [created-lead, updated-lead, deleted-lead, created-opportunity, updated-opportunity, deleted-opportunity]
2023-05-13 09:35:23 info: PushTopic Lead already exists
2023-05-13 09:35:23 info: PushTopic Opportunity already exists
2023-05-13 09:35:35 info: Logged in to Salesforce as: probiruk1@force.com
2023-05-13 09:35:35 info: Subscribed Events: [created-lead, updated-lead, deleted-lead, created-opportunity, updated-opportunity, deleted-opportunity]
2023-05-13 09:35:36 info: PushTopic Lead already exists
2023-05-13 09:35:36 info: PushTopic Opportunity already exists
2023-05-13 09:36:09 info: Logged in to Salesforce as: probiruk1@force.com
2023-05-13 09:36:09 info: Subscribed Events: [created-lead, updated-lead, deleted-lead, created-opportunity, updated-opportunity, deleted-opportunity]
2023-05-13 09:37:12 info: Logged in to Salesforce as: probiruk1@force.com
2023-05-13 09:37:12 info: Subscribed Events: [created-lead, updated-lead, deleted-lead, created-opportunity, updated-opportunity, deleted-opportunity]
2023-05-13 09:37:17 info: Logged in to Salesforce as: probiruk1@force.com
2023-05-13 09:37:17 info: Subscribed Events: [created-lead, updated-lead, deleted-lead, created-opportunity, updated-opportunity, deleted-opportunity]
2023-05-13 09:37:18 info: PushTopic Opportunity already exists
2023-05-13 09:37:18 info: PushTopic Lead already exists
2023-05-13 09:37:24 info: Logged in to Salesforce as: probiruk1@force.com
2023-05-13 09:37:24 info: Subscribed Events: [created-lead, updated-lead, deleted-lead, created-opportunity, updated-opportunity, deleted-opportunity]
2023-05-13 09:37:25 info: PushTopic Lead already exists
2023-05-13 09:37:25 info: PushTopic Opportunity already exists
2023-05-13 09:37:35 info: Received message for Opportunity Object
2023-05-13 09:37:35 info: Updating opportunity record with id of 006Dp000003w6pkIAA
2023-05-13 09:37:44 info: Modification succeed!
2023-05-13 09:39:15 info: Logged in to Salesforce as: probiruk1@force.com
2023-05-13 09:39:15 info: Subscribed Events: [created-lead, updated-lead, deleted-lead, created-opportunity, updated-opportunity, deleted-opportunity]
2023-05-13 09:39:17 info: PushTopic Lead already exists
2023-05-13 09:39:17 info: PushTopic Opportunity already exists
2023-05-13 09:39:25 info: Received message for Opportunity Object
2023-05-13 09:39:25 info: Updating opportunity record with id of 006Dp000003w6pkIAA
2023-05-13 09:39:30 info: Modification succeed!
2023-05-13 09:40:08 info: Received message for Lead Object
2023-05-13 09:40:08 info: Creating new lead: Biruk Erjamo (birukdotwork@gmail.com)
2023-05-13 09:40:09 info: Received message for Lead Object
2023-05-13 09:40:10 info: Entry succeed!
2023-05-13 09:40:48 info: Received message for Opportunity Object
2023-05-13 09:40:48 info: Creating new opportunity: Biruk Erjamo
2023-05-13 09:40:54 info: Entry succeed!
2023-05-13 09:41:21 info: Received message for Lead Object
2023-05-13 09:41:21 info: Deleting lead record with id of 00QDp000002SP75MAG
2023-05-13 09:41:25 info: Deletion succeed!
2023-05-13 09:41:34 info: Received message for Opportunity Object
